SF:lib/data/datasources/movie_local_data_source.dart
DA:16,1
DA:19,1
DA:21,3
DA:24,2
DA:29,1
DA:31,3
DA:34,2
DA:39,1
DA:40,3
DA:42,1
DA:49,1
DA:50,3
DA:51,4
LF:13
LH:13
end_of_record
SF:lib/utils/exception.dart
DA:6,4
LF:1
LH:1
end_of_record
SF:lib/data/models/movie_table.dart
DA:11,18
DA:18,2
DA:19,1
DA:20,1
DA:21,1
DA:22,1
DA:25,2
DA:26,1
DA:27,1
DA:28,1
DA:29,1
DA:32,0
DA:33,0
DA:34,0
DA:35,0
DA:36,0
DA:39,2
DA:40,1
DA:41,1
DA:42,1
DA:43,1
DA:46,2
DA:47,2
DA:48,2
DA:49,2
DA:50,2
DA:51,2
LF:27
LH:22
end_of_record
SF:lib/data/models/tv_show_table.dart
DA:11,18
DA:18,2
DA:19,1
DA:20,1
DA:21,1
DA:22,1
DA:25,2
DA:26,1
DA:27,1
DA:28,1
DA:29,1
DA:32,0
DA:33,0
DA:34,0
DA:35,0
DA:36,0
DA:39,2
DA:40,1
DA:41,1
DA:42,1
DA:43,1
DA:46,2
DA:47,2
DA:48,2
DA:49,2
DA:50,2
DA:51,2
LF:27
LH:22
end_of_record
SF:lib/domain/entities/genre.dart
DA:4,17
DA:12,1
DA:13,3
LF:3
LH:3
end_of_record
SF:lib/domain/entities/movie.dart
DA:6,7
DA:22,2
DA:43,2
DA:44,2
DA:45,2
DA:46,2
DA:47,2
DA:48,2
DA:49,2
DA:50,2
DA:51,2
DA:52,2
DA:53,2
DA:54,2
DA:55,2
DA:56,2
DA:57,2
LF:17
LH:17
end_of_record
SF:lib/domain/entities/movie_detail.dart
DA:5,17
DA:33,1
DA:34,1
DA:35,1
DA:36,1
DA:37,1
DA:38,1
DA:39,1
DA:40,1
DA:41,1
DA:42,1
DA:43,1
DA:44,1
DA:45,1
LF:14
LH:14
end_of_record
SF:lib/domain/entities/tv_show.dart
DA:11,3
DA:18,0
DA:25,2
DA:26,10
LF:4
LH:3
end_of_record
SF:lib/domain/entities/tv_show_detail.dart
DA:12,5
DA:22,1
DA:23,1
DA:24,1
DA:25,1
DA:26,1
DA:27,1
DA:28,1
DA:29,1
DA:30,1
LF:10
LH:10
end_of_record
SF:lib/data/datasources/db/database_helper.dart
DA:10,0
DA:14,0
DA:18,0
DA:19,0
DA:26,0
DA:27,0
DA:28,0
DA:30,0
DA:33,0
DA:34,0
DA:39,0
DA:40,0
DA:47,0
DA:49,0
DA:56,0
DA:59,0
DA:60,0
DA:61,0
DA:64,0
DA:65,0
DA:66,0
DA:69,0
DA:73,0
DA:74,0
DA:75,0
DA:78,0
DA:81,0
DA:82,0
DA:88,0
DA:89,0
DA:90,0
DA:95,0
DA:96,0
DA:97,0
DA:100,0
DA:101,0
DA:102,0
DA:105,0
DA:109,0
DA:110,0
DA:111,0
DA:114,0
DA:117,0
DA:118,0
DA:124,0
DA:125,0
DA:127,0
LF:47
LH:0
end_of_record
SF:lib/data/datasources/movie_remote_data_source.dart
DA:22,1
DA:25,1
DA:27,5
DA:29,2
DA:30,4
DA:32,1
DA:37,1
DA:39,5
DA:41,2
DA:42,3
DA:44,1
DA:49,1
DA:50,2
DA:51,3
DA:53,2
DA:54,4
DA:56,1
DA:61,1
DA:63,5
DA:65,2
DA:66,4
DA:68,1
DA:73,1
DA:75,5
DA:77,2
DA:78,4
DA:80,1
DA:85,1
DA:86,2
DA:87,3
DA:89,2
DA:90,4
DA:92,1
LF:33
LH:33
end_of_record
SF:lib/data/datasources/tv_show_local_data_source.dart
DA:16,1
DA:19,1
DA:21,3
DA:24,2
DA:29,1
DA:31,3
DA:34,2
DA:39,1
DA:40,3
DA:42,1
DA:49,1
DA:50,3
DA:51,4
LF:13
LH:13
end_of_record
SF:lib/data/datasources/tv_show_remote_data_source.dart
DA:20,1
DA:23,1
DA:25,5
DA:27,2
DA:28,4
DA:30,1
DA:35,1
DA:37,5
DA:39,2
DA:40,4
DA:42,1
DA:47,1
DA:49,5
DA:51,2
DA:52,4
DA:54,1
DA:59,1
DA:60,2
DA:61,3
DA:63,2
DA:64,4
DA:66,1
DA:71,1
DA:72,2
DA:73,3
DA:75,2
DA:76,4
DA:78,1
DA:83,1
DA:85,5
DA:87,2
DA:88,3
DA:90,1
LF:33
LH:33
end_of_record
SF:lib/data/models/movie_detail_model.dart
DA:6,2
DA:52,1
DA:53,1
DA:54,1
DA:55,1
DA:56,1
DA:57,1
DA:58,4
DA:59,1
DA:60,1
DA:61,1
DA:62,1
DA:63,1
DA:64,1
DA:65,2
DA:66,1
DA:67,1
DA:68,1
DA:69,1
DA:70,1
DA:71,1
DA:72,1
DA:73,1
DA:74,2
DA:75,1
DA:78,0
DA:79,0
DA:80,0
DA:81,0
DA:82,0
DA:83,0
DA:84,0
DA:85,0
DA:86,0
DA:87,0
DA:88,0
DA:89,0
DA:90,0
DA:91,0
DA:92,0
DA:93,0
DA:94,0
DA:95,0
DA:96,0
DA:97,0
DA:98,0
DA:99,0
DA:102,1
DA:103,1
DA:104,1
DA:105,1
DA:106,5
DA:107,1
DA:108,1
DA:109,1
DA:110,1
DA:111,1
DA:112,1
DA:113,1
DA:114,1
DA:115,1
DA:119,1
DA:120,1
DA:121,1
DA:122,1
DA:123,1
DA:124,1
DA:125,1
DA:126,1
DA:127,1
DA:128,1
DA:129,1
DA:130,1
DA:131,1
DA:132,1
DA:133,1
DA:134,1
DA:135,1
DA:136,1
DA:137,1
DA:138,1
DA:139,1
DA:140,1
DA:141,1
LF:84
LH:62
end_of_record
SF:lib/data/models/movie_model.dart
DA:5,5
DA:35,4
DA:36,2
DA:37,2
DA:38,8
DA:39,2
DA:40,2
DA:41,2
DA:42,4
DA:43,2
DA:44,2
DA:45,2
DA:46,2
DA:47,4
DA:48,2
DA:51,2
DA:52,1
DA:53,1
DA:54,4
DA:55,1
DA:56,1
DA:57,1
DA:58,1
DA:59,1
DA:60,1
DA:61,1
DA:62,1
DA:63,1
DA:64,1
DA:67,2
DA:68,2
DA:69,2
DA:70,2
DA:71,2
DA:72,2
DA:73,2
DA:74,2
DA:75,2
DA:76,2
DA:77,2
DA:78,2
DA:79,2
DA:80,2
DA:81,2
DA:85,2
DA:86,2
DA:87,2
DA:88,2
DA:89,2
DA:90,2
DA:91,2
DA:92,2
DA:93,2
DA:94,2
DA:95,2
DA:96,2
DA:97,2
DA:98,2
DA:99,2
LF:59
LH:59
end_of_record
SF:lib/data/models/tv_show_detail_model.dart
DA:13,2
DA:23,1
DA:24,1
DA:25,2
DA:26,1
DA:27,1
DA:28,1
DA:29,2
DA:30,1
DA:31,2
DA:34,0
DA:35,0
DA:37,2
DA:38,1
DA:39,1
DA:40,1
DA:41,1
DA:42,1
DA:43,1
DA:44,1
DA:47,1
DA:48,1
DA:49,1
DA:50,1
DA:51,1
DA:52,1
DA:53,1
DA:54,1
DA:55,1
LF:29
LH:27
end_of_record
SF:lib/data/models/tv_show_model.dart
DA:10,3
DA:17,2
DA:18,1
DA:19,1
DA:20,1
DA:21,1
DA:24,0
DA:25,0
DA:26,0
DA:27,0
DA:28,0
DA:31,2
DA:32,10
DA:34,1
DA:35,4
DA:37,1
DA:38,5
LF:17
LH:12
end_of_record
SF:lib/utils/failure.dart
DA:6,11
DA:8,2
DA:9,4
DA:13,8
DA:17,4
DA:21,8
LF:6
LH:6
end_of_record
SF:lib/domain/usecases/get_top_rated_movies.dart
DA:9,1
DA:11,1
DA:12,2
LF:3
LH:3
end_of_record
SF:lib/presentation/cubit/movie/top_rated/top_rated_movie_cubit.dart
DA:12,0
DA:14,0
DA:15,0
DA:17,0
DA:19,0
DA:20,0
DA:21,0
DA:23,0
DA:24,0
DA:25,0
DA:27,0
LF:11
LH:0
end_of_record
SF:lib/presentation/cubit/movie/top_rated/top_rated_movie_state.dart
DA:7,0
DA:8,0
DA:12,0
DA:13,0
DA:19,1
DA:21,0
DA:22,0
DA:28,1
DA:30,0
DA:31,0
LF:10
LH:2
end_of_record
SF:lib/presentation/pages/top_rated_movies_page.dart
DA:7,1
DA:9,1
DA:10,1
DA:14,1
DA:16,1
DA:18,2
DA:19,3
DA:23,1
DA:25,1
DA:26,1
DA:29,1
DA:31,1
DA:32,1
DA:33,1
DA:37,1
DA:38,1
DA:39,0
DA:40,2
DA:42,1
DA:43,1
DA:45,2
LF:21
LH:20
end_of_record
SF:lib/presentation/widgets/movie_card_list.dart
DA:12,0
DA:14,0
DA:16,0
DA:18,0
DA:19,0
DA:20,0
DA:23,0
DA:26,0
DA:28,0
DA:29,0
DA:30,0
DA:36,0
DA:38,0
DA:39,0
DA:40,0
DA:43,0
DA:46,0
DA:47,0
DA:55,0
DA:60,0
DA:61,0
DA:62,0
DA:64,0
DA:67,0
LF:24
LH:0
end_of_record
SF:lib/presentation/provider/top_rated_movies_notifier.dart
DA:9,1
DA:12,2
DA:15,2
DA:18,2
DA:20,1
DA:21,1
DA:22,1
DA:24,3
DA:26,1
DA:27,1
DA:28,2
DA:29,1
DA:30,1
DA:32,1
DA:33,1
DA:34,1
DA:35,1
LF:17
LH:17
end_of_record
SF:lib/utils/state_enum.dart
DA:3,38
LF:1
LH:1
end_of_record
SF:lib/styles/text_styles.dart
DA:5,6
DA:9,6
DA:14,0
DA:19,0
DA:25,0
LF:5
LH:2
end_of_record
SF:lib/domain/usecases/base_tv_show.dart
DA:6,8
LF:1
LH:1
end_of_record
SF:lib/domain/usecases/get_popular_tv_show.dart
DA:8,2
DA:10,3
LF:2
LH:2
end_of_record
SF:lib/presentation/cubit/tv_show/popular/popular_tv_show_state.dart
DA:5,30
DA:9,0
DA:10,0
DA:14,0
DA:15,0
DA:21,29
DA:23,0
DA:24,0
DA:30,1
DA:32,0
DA:33,0
LF:11
LH:3
end_of_record
SF:lib/presentation/cubit/tv_show/popular/popular_tv_show_cubit.dart
DA:12,0
DA:14,0
DA:15,0
DA:18,0
DA:19,0
DA:21,0
DA:23,0
DA:24,0
DA:25,0
DA:27,0
DA:28,0
DA:29,0
DA:31,0
LF:13
LH:0
end_of_record
SF:lib/presentation/pages/popular_tv_show_page.dart
DA:8,1
DA:10,1
DA:11,1
DA:15,1
DA:17,1
DA:18,2
DA:19,3
DA:23,1
DA:25,1
DA:26,1
DA:29,1
DA:31,1
DA:32,1
DA:33,1
DA:37,1
DA:38,1
DA:39,0
DA:40,2
DA:42,1
DA:43,1
DA:45,2
LF:21
LH:20
end_of_record
SF:lib/presentation/widgets/tv_show_card_list.dart
DA:12,0
DA:14,0
DA:16,0
DA:18,0
DA:19,0
DA:20,0
DA:23,0
DA:26,0
DA:28,0
DA:29,0
DA:30,0
DA:36,0
DA:38,0
DA:39,0
DA:40,0
DA:43,0
DA:46,0
DA:47,0
DA:55,0
DA:60,0
DA:61,0
DA:62,0
DA:64,0
DA:67,0
LF:24
LH:0
end_of_record
SF:lib/domain/usecases/get_movie_detail.dart
DA:9,1
DA:11,1
DA:12,2
LF:3
LH:3
end_of_record
SF:lib/domain/usecases/get_movie_recommendations.dart
DA:9,1
DA:11,1
DA:12,2
LF:3
LH:3
end_of_record
SF:lib/domain/usecases/get_watchlist_status.dart
DA:6,1
DA:8,1
DA:9,2
LF:3
LH:3
end_of_record
SF:lib/domain/usecases/remove_watchlist.dart
DA:9,1
DA:11,1
DA:12,2
LF:3
LH:3
end_of_record
SF:lib/domain/usecases/save_watchlist.dart
DA:9,1
DA:11,1
DA:12,2
LF:3
LH:3
end_of_record
SF:lib/presentation/provider/movie_detail_notifier.dart
DA:22,1
DA:31,2
DA:34,2
DA:37,2
DA:40,2
DA:43,2
DA:46,2
DA:48,1
DA:49,1
DA:50,1
DA:51,3
DA:52,3
DA:53,1
DA:54,1
DA:55,1
DA:56,2
DA:57,1
DA:59,1
DA:60,1
DA:61,1
DA:62,1
DA:63,1
DA:64,1
DA:65,1
DA:66,2
DA:68,1
DA:69,1
DA:70,1
DA:73,1
DA:74,1
DA:80,2
DA:82,1
DA:83,3
DA:85,2
DA:86,1
DA:87,2
DA:89,1
DA:90,1
DA:94,3
DA:97,1
DA:98,3
DA:100,2
DA:101,0
DA:102,0
DA:104,1
DA:105,1
DA:109,3
DA:112,1
DA:113,3
DA:114,1
DA:115,1
LF:51
LH:49
end_of_record
SF:lib/utils/encrypt.dart
DA:3,0
DA:4,0
DA:5,0
DA:7,0
DA:9,0
DA:11,0
LF:6
LH:0
end_of_record
SF:lib/data/models/movie_response.dart
DA:8,3
DA:10,4
DA:11,4
DA:12,6
DA:13,6
DA:16,2
DA:17,5
DA:20,1
DA:21,2
LF:9
LH:9
end_of_record
SF:lib/data/models/genre_model.dart
DA:5,2
DA:13,2
DA:14,1
DA:15,1
DA:18,0
DA:19,0
DA:20,0
DA:23,1
DA:24,3
DA:27,1
DA:28,3
LF:11
LH:8
end_of_record
SF:lib/data/repositories/tv_show_repository_impl.dart
DA:17,1
DA:23,1
DA:25,3
DA:26,5
DA:27,1
DA:29,1
DA:35,1
DA:37,3
DA:38,5
DA:39,1
DA:41,1
DA:47,1
DA:49,3
DA:50,5
DA:51,1
DA:53,1
DA:59,1
DA:61,3
DA:62,5
DA:63,1
DA:65,1
DA:71,1
DA:73,3
DA:74,3
DA:75,1
DA:77,1
DA:83,1
DA:85,3
DA:86,2
DA:87,1
DA:89,1
DA:95,1
DA:98,4
DA:99,1
DA:100,1
DA:101,3
DA:108,1
DA:111,4
DA:112,1
DA:113,1
DA:114,3
DA:119,1
DA:120,3
DA:125,1
DA:126,3
DA:127,5
LF:46
LH:46
end_of_record
SF:lib/data/repositories/movie_repository_impl.dart
DA:17,1
DA:23,1
DA:25,3
DA:26,5
DA:27,1
DA:29,1
DA:35,1
DA:37,3
DA:38,2
DA:39,1
DA:41,1
DA:47,1
DA:49,3
DA:50,3
DA:51,1
DA:53,1
DA:59,1
DA:61,3
DA:62,5
DA:63,1
DA:65,1
DA:71,1
DA:73,3
DA:74,5
DA:75,1
DA:77,1
DA:83,1
DA:85,3
DA:86,5
DA:87,1
DA:89,1
DA:95,1
DA:98,4
DA:99,1
DA:100,1
DA:101,3
DA:108,1
DA:111,4
DA:114,1
DA:115,1
DA:116,3
DA:121,1
DA:122,3
DA:127,1
DA:128,3
DA:129,5
LF:46
LH:46
end_of_record
SF:lib/domain/usecases/get_top_rated_tv_show.dart
DA:8,2
DA:10,3
LF:2
LH:2
end_of_record
SF:lib/domain/usecases/remove_tv_show_watchlist.dart
DA:8,2
DA:10,1
DA:11,2
LF:3
LH:3
end_of_record
SF:lib/domain/usecases/get_tv_show_detail.dart
DA:8,2
DA:10,1
DA:11,2
LF:3
LH:3
end_of_record
SF:lib/domain/usecases/get_tv_show_recommendations.dart
DA:8,2
DA:10,1
DA:11,2
LF:3
LH:3
end_of_record
SF:lib/domain/usecases/get_tv_show_watchlist.dart
DA:8,2
DA:10,3
LF:2
LH:2
end_of_record
SF:lib/domain/usecases/get_tv_show_watchlist_status.dart
DA:5,2
DA:7,3
LF:2
LH:2
end_of_record
SF:lib/domain/usecases/save_tv_show_watchlist.dart
DA:9,1
DA:11,1
DA:12,2
LF:3
LH:3
end_of_record
SF:lib/presentation/cubit/tv_show/detail/tv_show_detail_cubit.dart
DA:12,0
DA:14,0
DA:15,0
DA:17,0
DA:19,0
DA:20,0
DA:21,0
DA:23,0
DA:24,0
LF:9
LH:0
end_of_record
SF:lib/presentation/cubit/tv_show/detail/tv_show_detail_state.dart
DA:7,0
DA:8,0
DA:12,0
DA:13,0
DA:19,0
DA:21,0
DA:22,0
DA:28,1
DA:30,0
DA:31,0
LF:10
LH:1
end_of_record
SF:lib/presentation/cubit/tv_show/recommendation/tv_show_recommendation_state.dart
DA:7,0
DA:8,0
DA:12,0
DA:13,0
DA:19,0
DA:21,0
DA:22,0
DA:28,1
DA:30,0
DA:31,0
LF:10
LH:1
end_of_record
SF:lib/presentation/cubit/tv_show/recommendation/tv_show_recommendation_cubit.dart
DA:12,0
DA:13,0
DA:15,0
DA:16,0
DA:18,0
DA:20,0
DA:21,0
DA:22,0
DA:24,0
DA:25,0
DA:26,0
DA:28,0
LF:12
LH:0
end_of_record
SF:lib/presentation/cubit/tv_show/watchlist/tv_show_watchlist_state.dart
DA:7,0
DA:8,0
DA:12,0
DA:13,0
DA:19,0
DA:21,0
DA:22,0
DA:28,1
DA:30,0
DA:31,0
LF:10
LH:1
end_of_record
SF:lib/presentation/cubit/tv_show/watchlist/tv_show_watchlist_cubit.dart
DA:12,0
DA:13,0
DA:15,0
DA:16,0
DA:18,0
DA:20,0
DA:21,0
DA:22,0
DA:24,0
DA:25,0
DA:26,0
DA:28,0
LF:12
LH:0
end_of_record
SF:lib/presentation/cubit/tv_show/watchlist_status/tv_show_watchlist_status_cubit.dart
DA:16,0
DA:20,0
DA:22,0
DA:23,0
DA:26,0
DA:28,0
DA:32,0
DA:33,0
DA:35,0
DA:36,0
DA:37,0
DA:39,0
DA:40,0
DA:45,0
DA:46,0
DA:48,0
DA:49,0
DA:50,0
DA:52,0
DA:53,0
LF:20
LH:0
end_of_record
SF:lib/presentation/cubit/tv_show/watchlist_status/tv_show_watchlist_status_state.dart
DA:7,0
DA:8,0
DA:12,0
DA:13,0
DA:19,1
DA:21,0
DA:22,0
DA:28,1
DA:30,0
DA:31,0
LF:10
LH:2
end_of_record
SF:lib/presentation/pages/tv_show_detail_page.dart
DA:20,1
DA:22,1
DA:23,1
DA:27,1
DA:29,1
DA:31,2
DA:32,5
DA:33,5
DA:34,1
DA:35,1
DA:36,3
DA:40,1
DA:42,1
DA:43,1
DA:44,1
DA:45,1
DA:49,1
DA:50,1
DA:51,1
DA:52,1
DA:56,0
DA:57,0
DA:70,1
DA:74,1
DA:76,1
DA:78,3
DA:79,1
DA:80,1
DA:81,1
DA:82,3
DA:84,1
DA:87,0
DA:89,1
DA:91,1
DA:92,1
DA:93,1
DA:103,1
DA:104,1
DA:105,1
DA:107,1
DA:109,1
DA:111,1
DA:112,1
DA:113,2
DA:114,1
DA:116,2
DA:117,1
DA:118,1
DA:119,1
DA:120,3
DA:122,1
DA:128,5
DA:132,1
DA:134,1
DA:136,1
DA:137,2
DA:140,1
DA:142,1
DA:144,1
DA:149,1
DA:151,1
DA:166,1
DA:168,1
DA:171,1
DA:173,0
DA:174,0
DA:183,1
DA:184,1
DA:185,1
DA:186,2
DA:187,1
DA:188,1
DA:189,4
DA:192,1
DA:193,0
DA:194,0
DA:195,0
DA:198,2
DA:200,1
DA:201,1
DA:202,1
DA:203,1
DA:205,0
DA:206,0
DA:208,2
DA:211,1
DA:213,1
DA:214,1
DA:224,1
DA:225,1
DA:226,1
DA:227,1
DA:231,1
DA:232,1
DA:234,1
DA:236,0
DA:237,0
DA:239,0
DA:241,0
DA:242,0
DA:243,0
DA:246,0
DA:249,0
DA:253,0
DA:255,0
DA:256,0
DA:259,0
DA:266,2
DA:269,0
DA:270,0
LF:110
LH:86
end_of_record
SF:lib/domain/usecases/get_watchlist_movies.dart
DA:9,1
DA:11,1
DA:12,2
LF:3
LH:3
end_of_record
SF:lib/domain/usecases/get_now_playing_movies.dart
DA:9,1
DA:11,1
DA:12,2
LF:3
LH:3
end_of_record
SF:lib/domain/usecases/get_now_playing_tv_show.dart
DA:8,2
DA:10,3
LF:2
LH:2
end_of_record
SF:lib/presentation/provider/watchlist_movie_notifier.dart
DA:8,2
DA:11,2
DA:14,2
DA:16,1
DA:20,1
DA:21,1
DA:22,1
DA:24,3
DA:25,1
DA:26,1
DA:27,1
DA:28,2
DA:30,1
DA:31,1
DA:32,1
DA:36,1
LF:16
LH:16
end_of_record
SF:lib/domain/usecases/get_popular_movies.dart
DA:9,1
DA:11,1
DA:12,2
LF:3
LH:3
end_of_record
SF:lib/presentation/provider/popular_movies_notifier.dart
DA:9,1
DA:12,2
DA:15,2
DA:18,2
DA:20,1
DA:21,1
DA:22,1
DA:24,3
DA:26,1
DA:27,1
DA:28,2
DA:29,1
DA:30,1
DA:32,1
DA:33,1
DA:34,1
DA:35,1
LF:17
LH:17
end_of_record
SF:lib/presentation/provider/movie_list_notifier.dart
DA:10,2
DA:13,2
DA:16,2
DA:19,2
DA:22,2
DA:25,2
DA:28,2
DA:30,1
DA:40,1
DA:41,1
DA:42,1
DA:44,3
DA:45,1
DA:46,1
DA:47,1
DA:48,2
DA:49,1
DA:51,1
DA:52,1
DA:53,1
DA:54,1
DA:59,1
DA:60,1
DA:61,1
DA:63,3
DA:64,1
DA:65,1
DA:66,1
DA:67,2
DA:68,1
DA:70,1
DA:71,1
DA:72,1
DA:73,1
DA:78,1
DA:79,1
DA:80,1
DA:82,3
DA:83,1
DA:84,1
DA:85,1
DA:86,2
DA:87,1
DA:89,1
DA:90,1
DA:91,1
DA:92,1
LF:47
LH:47
end_of_record
SF:lib/presentation/cubit/tv_show/top_rated/top_rated_tv_show_cubit.dart
DA:12,0
DA:14,0
DA:15,0
DA:18,0
DA:19,0
DA:21,0
DA:23,0
DA:24,0
DA:25,0
DA:27,0
DA:28,0
DA:29,0
DA:31,0
LF:13
LH:0
end_of_record
SF:lib/presentation/cubit/tv_show/top_rated/top_rated_tv_show_state.dart
DA:5,3
DA:9,0
DA:10,0
DA:14,0
DA:15,0
DA:21,2
DA:23,0
DA:24,0
DA:30,1
DA:32,0
DA:33,0
LF:11
LH:3
end_of_record
SF:lib/presentation/pages/top_rated_tv_show_page.dart
DA:8,1
DA:10,1
DA:11,1
DA:15,1
DA:17,1
DA:19,2
DA:20,3
DA:24,1
DA:26,1
DA:27,1
DA:30,1
DA:32,1
DA:33,1
DA:34,1
DA:38,1
DA:39,1
DA:40,0
DA:41,2
DA:43,1
DA:44,1
DA:46,2
LF:21
LH:20
end_of_record
SF:lib/presentation/cubit/movie/popular/popular_movie_state.dart
DA:7,0
DA:8,0
DA:12,0
DA:13,0
DA:19,1
DA:21,0
DA:22,0
DA:28,1
DA:30,0
DA:31,0
LF:10
LH:2
end_of_record
SF:lib/presentation/cubit/movie/popular/popular_movie_cubit.dart
DA:12,0
DA:14,0
DA:15,0
DA:17,0
DA:19,0
DA:20,0
DA:21,0
DA:23,0
DA:24,0
DA:25,0
DA:27,0
LF:11
LH:0
end_of_record
SF:lib/presentation/pages/popular_movies_page.dart
DA:8,1
DA:10,1
DA:11,1
DA:15,1
DA:17,1
DA:19,2
DA:20,3
DA:24,1
DA:26,1
DA:27,1
DA:30,1
DA:32,1
DA:33,1
DA:34,1
DA:38,1
DA:39,1
DA:40,0
DA:41,2
DA:43,1
DA:44,1
DA:46,2
LF:21
LH:20
end_of_record
SF:lib/presentation/cubit/movie/detail/movie_detail_state.dart
DA:7,0
DA:8,0
DA:12,0
DA:13,0
DA:19,0
DA:21,0
DA:22,0
DA:28,1
DA:30,0
DA:31,0
LF:10
LH:1
end_of_record
SF:lib/presentation/cubit/movie/detail/movie_detail_cubit.dart
DA:12,0
DA:14,0
DA:15,0
DA:17,0
DA:19,0
DA:20,0
DA:21,0
DA:23,0
DA:24,0
LF:9
LH:0
end_of_record
SF:lib/presentation/cubit/movie/recommendation/movie_recommendation_state.dart
DA:7,0
DA:8,0
DA:12,0
DA:13,0
DA:19,0
DA:21,0
DA:22,0
DA:28,1
DA:30,0
DA:31,0
LF:10
LH:1
end_of_record
SF:lib/presentation/cubit/movie/recommendation/movie_recommendation_cubit.dart
DA:12,0
DA:13,0
DA:15,0
DA:16,0
DA:18,0
DA:20,0
DA:21,0
DA:22,0
DA:24,0
DA:25,0
DA:26,0
DA:28,0
DA:29,0
LF:13
LH:0
end_of_record
SF:lib/presentation/cubit/movie/watchlist/movie_watchlist_state.dart
DA:7,0
DA:8,0
DA:12,0
DA:13,0
DA:19,0
DA:21,0
DA:22,0
DA:28,1
DA:30,0
DA:31,0
LF:10
LH:1
end_of_record
SF:lib/presentation/cubit/movie/watchlist/movie_watchlist_cubit.dart
DA:12,0
DA:13,0
DA:15,0
DA:16,0
DA:18,0
DA:20,0
DA:21,0
DA:22,0
DA:24,0
DA:25,0
DA:26,0
DA:28,0
LF:12
LH:0
end_of_record
SF:lib/presentation/cubit/movie/watchlist_status/movie_watchlist_status_state.dart
DA:7,0
DA:8,0
DA:12,0
DA:13,0
DA:19,1
DA:21,0
DA:22,0
DA:28,1
DA:30,0
DA:31,0
LF:10
LH:2
end_of_record
SF:lib/presentation/cubit/movie/watchlist_status/movie_watchlist_status_cubit.dart
DA:16,0
DA:20,0
DA:22,0
DA:23,0
DA:26,0
DA:28,0
DA:32,0
DA:33,0
DA:35,0
DA:36,0
DA:37,0
DA:39,0
DA:40,0
DA:45,0
DA:46,0
DA:48,0
DA:49,0
DA:50,0
DA:52,0
DA:53,0
LF:20
LH:0
end_of_record
SF:lib/presentation/pages/movie_detail_page.dart
DA:19,1
DA:21,1
DA:22,1
DA:26,1
DA:28,1
DA:29,2
DA:30,5
DA:31,5
DA:32,5
DA:36,1
DA:38,1
DA:39,1
DA:40,1
DA:41,1
DA:45,1
DA:46,1
DA:47,2
DA:49,0
DA:50,0
DA:63,1
DA:66,1
DA:68,1
DA:70,3
DA:71,1
DA:72,1
DA:73,1
DA:74,3
DA:76,1
DA:79,0
DA:81,1
DA:83,1
DA:84,1
DA:85,1
DA:95,1
DA:96,1
DA:97,1
DA:99,1
DA:101,1
DA:103,1
DA:104,1
DA:105,2
DA:106,1
DA:108,2
DA:109,1
DA:110,3
DA:112,1
DA:113,3
DA:115,1
DA:116,1
DA:117,1
DA:118,3
DA:120,1
DA:126,5
DA:130,1
DA:132,1
DA:134,1
DA:135,2
DA:138,1
DA:140,1
DA:142,1
DA:147,1
DA:149,1
DA:164,1
DA:166,1
DA:169,1
DA:171,0
DA:172,0
DA:181,1
DA:182,1
DA:183,1
DA:184,2
DA:185,1
DA:186,1
DA:187,4
DA:190,1
DA:191,0
DA:192,0
DA:193,0
DA:196,2
DA:198,1
DA:199,1
DA:200,1
DA:201,1
DA:203,0
DA:204,0
DA:206,2
DA:209,1
DA:211,1
DA:212,1
DA:222,1
DA:223,1
DA:224,1
DA:225,1
DA:229,1
DA:230,0
DA:231,1
DA:232,1
DA:234,1
DA:236,0
DA:237,0
DA:238,0
DA:240,0
DA:241,0
DA:242,0
DA:245,0
DA:248,0
DA:252,0
DA:254,0
DA:255,0
DA:258,0
DA:265,2
DA:274,1
DA:276,2
DA:277,3
DA:280,1
DA:284,3
DA:287,1
DA:288,1
DA:289,1
DA:291,1
DA:292,1
DA:294,0
LF:122
LH:98
end_of_record
